[Sat Mar 19 17:26:51.918462 2022] [mpm_prefork:notice] [pid 1] AH00163: Apache/2.4.52 (Debian) PHP/7.4.28 configured -- resuming normal operations
[Sat Mar 19 17:26:51.922603 2022] [core:notice] [pid 1] AH00094: Command line: 'apache2 -D FOREGROUND'
[Sat Mar 19 17:30:09.948405 2022] [mpm_prefork:notice] [pid 1] AH00163: Apache/2.4.52 (Debian) PHP/7.4.28 configured -- resuming normal operations
[Sat Mar 19 17:30:09.949123 2022] [core:notice] [pid 1] AH00094: Command line: 'apache2 -D FOREGROUND'
[Sat Mar 19 17:33:21.043028 2022] [mpm_prefork:notice] [pid 1] AH00170: caught SIGWINCH, shutting down gracefully
[Sat Mar 19 17:33:29.687792 2022] [mpm_prefork:notice] [pid 1] AH00163: Apache/2.4.52 (Debian) PHP/7.4.28 configured -- resuming normal operations
[Sat Mar 19 17:33:29.688715 2022] [core:notice] [pid 1] AH00094: Command line: 'apache2 -D FOREGROUND'
[Sat Mar 19 17:34:15.833862 2022] [mpm_prefork:notice] [pid 1] AH00170: caught SIGWINCH, shutting down gracefully
[Sat Mar 19 17:34:25.571768 2022] [mpm_prefork:notice] [pid 1] AH00163: Apache/2.4.52 (Debian) PHP/7.4.28 configured -- resuming normal operations
[Sat Mar 19 17:34:25.573074 2022] [core:notice] [pid 1] AH00094: Command line: 'apache2 -D FOREGROUND'
[Sat Mar 19 17:35:29.710598 2022] [mpm_prefork:notice] [pid 1] AH00170: caught SIGWINCH, shutting down gracefully
[Sat Mar 19 17:36:09.861441 2022] [mpm_prefork:notice] [pid 1] AH00163: Apache/2.4.52 (Debian) PHP/7.4.28 configured -- resuming normal operations
[Sat Mar 19 17:36:09.862088 2022] [core:notice] [pid 1] AH00094: Command line: 'apache2 -D FOREGROUND'
[Sat Mar 19 17:40:22.499902 2022] [mpm_prefork:notice] [pid 1] AH00163: Apache/2.4.52 (Debian) PHP/7.4.28 configured -- resuming normal operations
[Sat Mar 19 17:40:22.500760 2022] [core:notice] [pid 1] AH00094: Command line: 'apache2 -D FOREGROUND'
[Sat Mar 19 17:42:13.349453 2022] [mpm_prefork:notice] [pid 1] AH00163: Apache/2.4.52 (Debian) PHP/7.4.28 configured -- resuming normal operations
[Sat Mar 19 17:42:13.350571 2022] [core:notice] [pid 1] AH00094: Command line: 'apache2 -D FOREGROUND'
[Sat Mar 19 17:44:17.253147 2022] [mpm_prefork:notice] [pid 1] AH00163: Apache/2.4.52 (Debian) PHP/7.4.28 configured -- resuming normal operations
[Sat Mar 19 17:44:17.253951 2022] [core:notice] [pid 1] AH00094: Command line: 'apache2 -D FOREGROUND'
[Sat Mar 19 17:46:24.822117 2022] [mpm_prefork:notice] [pid 1] AH00170: caught SIGWINCH, shutting down gracefully
[Sat Mar 19 17:46:38.952225 2022] [mpm_prefork:notice] [pid 1] AH00163: Apache/2.4.52 (Debian) PHP/7.4.28 configured -- resuming normal operations
[Sat Mar 19 17:46:38.952892 2022] [core:notice] [pid 1] AH00094: Command line: 'apache2 -D FOREGROUND'
[Sat Mar 19 18:00:14.459499 2022] [mpm_prefork:notice] [pid 1] AH00170: caught SIGWINCH, shutting down gracefully
[Sat Mar 19 18:00:21.390521 2022] [mpm_prefork:notice] [pid 1] AH00163: Apache/2.4.52 (Debian) PHP/7.4.28 configured -- resuming normal operations
[Sat Mar 19 18:00:21.392846 2022] [core:notice] [pid 1] AH00094: Command line: 'apache2 -D FOREGROUND'
[Sat Mar 19 18:03:41.541812 2022] [mpm_prefork:notice] [pid 1] AH00170: caught SIGWINCH, shutting down gracefully
[Sat Mar 19 18:03:57.079785 2022] [mpm_prefork:notice] [pid 1] AH00163: Apache/2.4.52 (Debian) PHP/7.4.28 configured -- resuming normal operations
[Sat Mar 19 18:03:57.085534 2022] [core:notice] [pid 1] AH00094: Command line: 'apache2 -D FOREGROUND'
[Sat Mar 19 18:06:12.045054 2022] [mpm_prefork:notice] [pid 1] AH00170: caught SIGWINCH, shutting down gracefully
[Sat Mar 19 18:08:11.494424 2022] [mpm_prefork:notice] [pid 1] AH00163: Apache/2.4.52 (Debian) PHP/7.4.28 configured -- resuming normal operations
[Sat Mar 19 18:08:11.495715 2022] [core:notice] [pid 1] AH00094: Command line: 'apache2 -D FOREGROUND'
[Sat Mar 19 18:27:10.267626 2022] [authz_core:error] [pid 18] [client 172.23.0.1:56514] AH01630: client denied by server configuration: /var/www/html/public/app/
[Sat Mar 19 18:27:10.278139 2022] [authz_core:error] [pid 18] [client 172.23.0.1:56514] AH01630: client denied by server configuration: /var/www/html/public/writable/
[Sat Mar 19 18:27:30.284669 2022] [authz_core:error] [pid 283] [client 172.23.0.1:56518] AH01630: client denied by server configuration: /var/www/html/public/app/
[Sat Mar 19 18:27:30.308936 2022] [authz_core:error] [pid 283] [client 172.23.0.1:56518] AH01630: client denied by server configuration: /var/www/html/public/writable/
[Sat Mar 19 18:28:29.912226 2022] [mpm_prefork:notice] [pid 1] AH00170: caught SIGWINCH, shutting down gracefully
[Sat Mar 19 18:28:46.258497 2022] [mpm_prefork:notice] [pid 1] AH00163: Apache/2.4.52 (Debian) PHP/7.4.28 configured -- resuming normal operations
[Sat Mar 19 18:28:46.261400 2022] [core:notice] [pid 1] AH00094: Command line: 'apache2 -D FOREGROUND'
[Sat Mar 19 18:30:02.608350 2022] [mpm_prefork:notice] [pid 1] AH00163: Apache/2.4.52 (Debian) PHP/7.4.28 configured -- resuming normal operations
[Sat Mar 19 18:30:02.609184 2022] [core:notice] [pid 1] AH00094: Command line: 'apache2 -D FOREGROUND'
[Sat Mar 19 18:30:29.451375 2022] [mpm_prefork:notice] [pid 1] AH00170: caught SIGWINCH, shutting down gracefully
[Sat Mar 19 18:30:38.057881 2022] [mpm_prefork:notice] [pid 1] AH00163: Apache/2.4.52 (Debian) PHP/7.4.28 configured -- resuming normal operations
[Sat Mar 19 18:30:38.061417 2022] [core:notice] [pid 1] AH00094: Command line: 'apache2 -D FOREGROUND'
[Mon Mar 21 08:24:18.444116 2022] [mpm_prefork:notice] [pid 1] AH00170: caught SIGWINCH, shutting down gracefully
[Wed Mar 23 11:49:07.877380 2022] [mpm_prefork:notice] [pid 1] AH00163: Apache/2.4.52 (Debian) PHP/7.4.28 configured -- resuming normal operations
[Wed Mar 23 11:49:07.881067 2022] [core:notice] [pid 1] AH00094: Command line: 'apache2 -D FOREGROUND'
[Wed Mar 23 11:50:17.629865 2022] [mpm_prefork:notice] [pid 1] AH00163: Apache/2.4.52 (Debian) PHP/7.4.28 configured -- resuming normal operations
[Wed Mar 23 11:50:17.630706 2022] [core:notice] [pid 1] AH00094: Command line: 'apache2 -D FOREGROUND'
[Wed Mar 23 12:27:54.804515 2022] [mpm_prefork:notice] [pid 1] AH00170: caught SIGWINCH, shutting down gracefully
[Thu Mar 24 08:19:34.912876 2022] [mpm_prefork:notice] [pid 1] AH00163: Apache/2.4.52 (Debian) PHP/7.4.28 configured -- resuming normal operations
[Thu Mar 24 08:19:34.919371 2022] [core:notice] [pid 1] AH00094: Command line: 'apache2 -D FOREGROUND'
[Thu Mar 24 08:30:34.134049 2022] [mpm_prefork:notice] [pid 1] AH00170: caught SIGWINCH, shutting down gracefully
[Thu Mar 24 08:31:23.148860 2022] [mpm_prefork:notice] [pid 1] AH00163: Apache/2.4.52 (Debian) PHP/7.4.28 configured -- resuming normal operations
[Thu Mar 24 08:31:23.151143 2022] [core:notice] [pid 1] AH00094: Command line: 'apache2 -D FOREGROUND'
[Thu Mar 24 08:33:15.637947 2022] [mpm_prefork:notice] [pid 1] AH00163: Apache/2.4.52 (Debian) PHP/7.4.28 configured -- resuming normal operations
[Thu Mar 24 08:33:15.639085 2022] [core:notice] [pid 1] AH00094: Command line: 'apache2 -D FOREGROUND'
[Thu Mar 24 08:33:47.400338 2022] [mpm_prefork:notice] [pid 1] AH00163: Apache/2.4.52 (Debian) PHP/7.4.28 configured -- resuming normal operations
[Thu Mar 24 08:33:47.401341 2022] [core:notice] [pid 1] AH00094: Command line: 'apache2 -D FOREGROUND'
[Thu Mar 24 08:34:21.235845 2022] [mpm_prefork:notice] [pid 1] AH00163: Apache/2.4.52 (Debian) PHP/7.4.28 configured -- resuming normal operations
[Thu Mar 24 08:34:21.236928 2022] [core:notice] [pid 1] AH00094: Command line: 'apache2 -D FOREGROUND'
[Thu Mar 24 08:36:30.465584 2022] [mpm_prefork:notice] [pid 1] AH00163: Apache/2.4.52 (Debian) PHP/7.4.28 configured -- resuming normal operations
[Thu Mar 24 08:36:30.467335 2022] [core:notice] [pid 1] AH00094: Command line: 'apache2 -D FOREGROUND'
[Thu Mar 24 08:37:07.819686 2022] [mpm_prefork:notice] [pid 1] AH00163: Apache/2.4.52 (Debian) PHP/7.4.28 configured -- resuming normal operations
[Thu Mar 24 08:37:07.820497 2022] [core:notice] [pid 1] AH00094: Command line: 'apache2 -D FOREGROUND'
[Thu Mar 24 08:37:51.129433 2022] [mpm_prefork:notice] [pid 1] AH00163: Apache/2.4.52 (Debian) PHP/7.4.28 configured -- resuming normal operations
[Thu Mar 24 08:37:51.132361 2022] [core:notice] [pid 1] AH00094: Command line: 'apache2 -D FOREGROUND'
[Thu Mar 24 08:42:38.062593 2022] [mpm_prefork:notice] [pid 1] AH00163: Apache/2.4.52 (Debian) PHP/7.4.28 configured -- resuming normal operations
[Thu Mar 24 08:42:38.064331 2022] [core:notice] [pid 1] AH00094: Command line: 'apache2 -D FOREGROUND'
[Thu Mar 24 08:42:54.475278 2022] [mpm_prefork:notice] [pid 1] AH00170: caught SIGWINCH, shutting down gracefully
[Thu Mar 24 08:43:08.760230 2022] [mpm_prefork:notice] [pid 1] AH00163: Apache/2.4.52 (Debian) PHP/7.4.28 configured -- resuming normal operations
[Thu Mar 24 08:43:08.761444 2022] [core:notice] [pid 1] AH00094: Command line: 'apache2 -D FOREGROUND'
[Thu Mar 24 08:48:55.210470 2022] [mpm_prefork:notice] [pid 1] AH00163: Apache/2.4.52 (Debian) PHP/7.4.28 configured -- resuming normal operations
[Thu Mar 24 08:48:55.211743 2022] [core:notice] [pid 1] AH00094: Command line: 'apache2 -D FOREGROUND'
[Thu Mar 24 08:52:19.623143 2022] [mpm_prefork:notice] [pid 1] AH00163: Apache/2.4.52 (Debian) PHP/7.4.28 configured -- resuming normal operations
[Thu Mar 24 08:52:19.624876 2022] [core:notice] [pid 1] AH00094: Command line: 'apache2 -D FOREGROUND'
[Thu Mar 24 08:53:45.396962 2022] [mpm_prefork:notice] [pid 1] AH00163: Apache/2.4.52 (Debian) PHP/7.4.28 configured -- resuming normal operations
[Thu Mar 24 08:53:45.398619 2022] [core:notice] [pid 1] AH00094: Command line: 'apache2 -D FOREGROUND'
[Mon Apr 04 09:15:51.451942 2022] [mpm_prefork:notice] [pid 1] AH00163: Apache/2.4.52 (Debian) PHP/7.4.28 configured -- resuming normal operations
[Mon Apr 04 09:15:51.453404 2022] [core:notice] [pid 1] AH00094: Command line: 'apache2 -D FOREGROUND'
[Wed Apr 06 06:47:44.143863 2022] [mpm_prefork:notice] [pid 1] AH00170: caught SIGWINCH, shutting down gracefully
[Sun Apr 10 09:21:52.926985 2022] [mpm_prefork:notice] [pid 1] AH00163: Apache/2.4.52 (Debian) PHP/7.4.28 configured -- resuming normal operations
[Sun Apr 10 09:21:52.928524 2022] [core:notice] [pid 1] AH00094: Command line: 'apache2 -D FOREGROUND'
[Mon Apr 18 16:01:21.593864 2022] [mpm_prefork:notice] [pid 1] AH00163: Apache/2.4.52 (Debian) PHP/7.4.28 configured -- resuming normal operations
[Mon Apr 18 16:01:21.595408 2022] [core:notice] [pid 1] AH00094: Command line: 'apache2 -D FOREGROUND'
[Mon Apr 18 16:37:29.626424 2022] [mpm_prefork:notice] [pid 1] AH00170: caught SIGWINCH, shutting down gracefully
[Mon Apr 18 16:37:36.804340 2022] [mpm_prefork:notice] [pid 1] AH00163: Apache/2.4.52 (Debian) PHP/7.4.28 configured -- resuming normal operations
[Mon Apr 18 16:37:36.805503 2022] [core:notice] [pid 1] AH00094: Command line: 'apache2 -D FOREGROUND'
[Mon May 02 14:52:57.553201 2022] [mpm_prefork:notice] [pid 1] AH00163: Apache/2.4.52 (Debian) PHP/7.4.28 configured -- resuming normal operations
[Mon May 02 14:52:57.555963 2022] [core:notice] [pid 1] AH00094: Command line: 'apache2 -D FOREGROUND'
[Wed May 04 15:13:47.265908 2022] [mpm_prefork:notice] [pid 1] AH00163: Apache/2.4.52 (Debian) PHP/7.4.28 configured -- resuming normal operations
[Wed May 04 15:13:47.267300 2022] [core:notice] [pid 1] AH00094: Command line: 'apache2 -D FOREGROUND'
[Wed May 18 07:54:05.460307 2022] [mpm_prefork:notice] [pid 1] AH00163: Apache/2.4.52 (Debian) PHP/7.4.28 configured -- resuming normal operations
[Wed May 18 07:54:05.462210 2022] [core:notice] [pid 1] AH00094: Command line: 'apache2 -D FOREGROUND'
[Wed May 25 14:12:12.725244 2022] [mpm_prefork:notice] [pid 1] AH00163: Apache/2.4.52 (Debian) PHP/7.4.28 configured -- resuming normal operations
[Wed May 25 14:12:12.726371 2022] [core:notice] [pid 1] AH00094: Command line: 'apache2 -D FOREGROUND'
[Fri May 27 08:01:17.563920 2022] [mpm_prefork:notice] [pid 1] AH00163: Apache/2.4.52 (Debian) PHP/7.4.28 configured -- resuming normal operations
[Fri May 27 08:01:17.572669 2022] [core:notice] [pid 1] AH00094: Command line: 'apache2 -D FOREGROUND'
[Mon May 30 08:03:52.435130 2022] [mpm_prefork:notice] [pid 1] AH00163: Apache/2.4.52 (Debian) PHP/7.4.28 configured -- resuming normal operations
[Mon May 30 08:03:52.436556 2022] [core:notice] [pid 1] AH00094: Command line: 'apache2 -D FOREGROUND'
[Tue May 31 16:22:22.544910 2022] [mpm_prefork:notice] [pid 1] AH00163: Apache/2.4.52 (Debian) PHP/7.4.28 configured -- resuming normal operations
[Tue May 31 16:22:22.549024 2022] [core:notice] [pid 1] AH00094: Command line: 'apache2 -D FOREGROUND'
[Fri Jun 03 09:56:57.791460 2022] [mpm_prefork:notice] [pid 1] AH00163: Apache/2.4.52 (Debian) PHP/7.4.28 configured -- resuming normal operations
[Fri Jun 03 09:56:57.792817 2022] [core:notice] [pid 1] AH00094: Command line: 'apache2 -D FOREGROUND'
[Mon Jun 06 15:29:17.693047 2022] [php7:error] [pid 22] [client 172.24.0.1:62918] PHP Fatal error:  Cannot declare class App\\Controllers\\Usuarios, because the name is already in use in /var/www/html/app/Controllers/Recursos.php on line 0, referer: http://localhost/
[Mon Jun 06 15:30:59.463748 2022] [php7:error] [pid 19] [client 172.24.0.1:62922] PHP Fatal error:  Cannot declare class App\\Controllers\\Usuarios, because the name is already in use in /var/www/html/app/Controllers/Recursos.php on line 0, referer: http://localhost/
[Wed Jun 08 09:06:01.704396 2022] [mpm_prefork:notice] [pid 1] AH00163: Apache/2.4.52 (Debian) PHP/7.4.28 configured -- resuming normal operations
[Wed Jun 08 09:06:01.707446 2022] [core:notice] [pid 1] AH00094: Command line: 'apache2 -D FOREGROUND'
[Fri Jun 10 09:41:58.625626 2022] [mpm_prefork:notice] [pid 1] AH00163: Apache/2.4.52 (Debian) PHP/7.4.28 configured -- resuming normal operations
[Fri Jun 10 09:41:58.632960 2022] [core:notice] [pid 1] AH00094: Command line: 'apache2 -D FOREGROUND'
[Mon Jun 13 07:53:07.469652 2022] [mpm_prefork:notice] [pid 1] AH00163: Apache/2.4.52 (Debian) PHP/7.4.28 configured -- resuming normal operations
[Mon Jun 13 07:53:07.471373 2022] [core:notice] [pid 1] AH00094: Command line: 'apache2 -D FOREGROUND'
[Wed Jun 22 10:47:19.029867 2022] [mpm_prefork:notice] [pid 1] AH00163: Apache/2.4.52 (Debian) PHP/7.4.28 configured -- resuming normal operations
[Wed Jun 22 10:47:19.035042 2022] [core:notice] [pid 1] AH00094: Command line: 'apache2 -D FOREGROUND'
[Fri Jun 24 08:15:52.531587 2022] [mpm_prefork:notice] [pid 1] AH00170: caught SIGWINCH, shutting down gracefully
[Fri Jun 24 08:16:01.689578 2022] [mpm_prefork:notice] [pid 1] AH00163: Apache/2.4.52 (Debian) PHP/7.4.28 configured -- resuming normal operations
[Fri Jun 24 08:16:01.697073 2022] [core:notice] [pid 1] AH00094: Command line: 'apache2 -D FOREGROUND'
[Fri Jun 24 10:36:19.843543 2022] [mpm_prefork:notice] [pid 1] AH00170: caught SIGWINCH, shutting down gracefully
[Fri Jun 24 11:03:05.465224 2022] [mpm_prefork:notice] [pid 1] AH00163: Apache/2.4.52 (Debian) PHP/7.4.28 configured -- resuming normal operations
[Fri Jun 24 11:03:05.468248 2022] [core:notice] [pid 1] AH00094: Command line: 'apache2 -D FOREGROUND'
[Sat Jun 25 14:47:33.808199 2022] [mpm_prefork:notice] [pid 1] AH00163: Apache/2.4.52 (Debian) PHP/7.4.28 configured -- resuming normal operations
[Sat Jun 25 14:47:33.818463 2022] [core:notice] [pid 1] AH00094: Command line: 'apache2 -D FOREGROUND'
[Sat Jun 25 15:19:21.384945 2022] [mpm_prefork:notice] [pid 1] AH00170: caught SIGWINCH, shutting down gracefully
[Sun Jun 26 10:42:16.163801 2022] [mpm_prefork:notice] [pid 1] AH00163: Apache/2.4.52 (Debian) PHP/7.4.28 configured -- resuming normal operations
[Sun Jun 26 10:42:16.166332 2022] [core:notice] [pid 1] AH00094: Command line: 'apache2 -D FOREGROUND'
[Sun Jun 26 17:50:02.402054 2022] [php7:error] [pid 17] [client 172.24.0.1:63286] PHP Fatal error:  Cannot declare class App\\Models\\CaracteristicasModel, because the name is already in use in /var/www/html/app/Models/ValoresModel.php on line 0, referer: http://localhost/
[Sun Jun 26 17:50:03.555743 2022] [php7:error] [pid 21] [client 172.24.0.1:63282] PHP Fatal error:  Cannot declare class App\\Models\\CaracteristicasModel, because the name is already in use in /var/www/html/app/Models/ValoresModel.php on line 0, referer: http://localhost/
[Thu Jun 30 08:14:15.965600 2022] [mpm_prefork:notice] [pid 1] AH00163: Apache/2.4.52 (Debian) PHP/7.4.28 configured -- resuming normal operations
[Thu Jun 30 08:14:15.968001 2022] [core:notice] [pid 1] AH00094: Command line: 'apache2 -D FOREGROUND'
[Thu Jun 30 09:06:38.323185 2022] [mpm_prefork:notice] [pid 1] AH00170: caught SIGWINCH, shutting down gracefully
[Thu Jun 30 09:19:01.549686 2022] [mpm_prefork:notice] [pid 1] AH00163: Apache/2.4.52 (Debian) PHP/7.4.28 configured -- resuming normal operations
[Thu Jun 30 09:19:01.556066 2022] [core:notice] [pid 1] AH00094: Command line: 'apache2 -D FOREGROUND'
[Thu Jun 30 13:30:20.585073 2022] [mpm_prefork:notice] [pid 1] AH00170: caught SIGWINCH, shutting down gracefully
[Thu Jun 30 14:40:05.638971 2022] [mpm_prefork:notice] [pid 1] AH00163: Apache/2.4.52 (Debian) PHP/7.4.28 configured -- resuming normal operations
[Thu Jun 30 14:40:05.642401 2022] [core:notice] [pid 1] AH00094: Command line: 'apache2 -D FOREGROUND'
[Thu Jun 30 19:19:40.873475 2022] [mpm_prefork:notice] [pid 1] AH00170: caught SIGWINCH, shutting down gracefully
[Fri Jul 01 10:14:32.959062 2022] [mpm_prefork:notice] [pid 1] AH00163: Apache/2.4.52 (Debian) PHP/7.4.28 configured -- resuming normal operations
[Fri Jul 01 10:14:32.960784 2022] [core:notice] [pid 1] AH00094: Command line: 'apache2 -D FOREGROUND'
[Mon Jul 04 13:40:09.965983 2022] [mpm_prefork:notice] [pid 1] AH00163: Apache/2.4.52 (Debian) PHP/7.4.28 configured -- resuming normal operations
[Mon Jul 04 13:40:09.970084 2022] [core:notice] [pid 1] AH00094: Command line: 'apache2 -D FOREGROUND'
